0 info it worked if it ends with ok
1 verbose cli [ '/Users/horigodai/.anyenv/envs/ndenv/versions/v4.6.0/bin/node',
1 verbose cli   '/Users/horigodai/.anyenv/envs/ndenv/versions/v4.6.0/bin/npm',
1 verbose cli   'run',
1 verbose cli   'build' ]
2 info using npm@2.15.9
3 info using node@v4.6.0
4 verbose run-script [ 'prebuild', 'build', 'postbuild' ]
5 info prebuild Spread@0.0.1
6 info build Spread@0.0.1
7 verbose unsafe-perm in lifecycle true
8 info Spread@0.0.1 Failed to exec build script
9 verbose stack Error: Spread@0.0.1 build: `browserify ./src/index.js -t [ babelify --presets [ es2015 ] ] -t [ stringify --extensions [.html .css] ] --standalone Spread -o ./build/spread.js`
9 verbose stack Exit status 1
9 verbose stack     at EventEmitter.<anonymous> (/Users/horigodai/.anyenv/envs/ndenv/versions/v4.6.0/lib/node_modules/npm/lib/utils/lifecycle.js:217:16)
9 verbose stack     at emitTwo (events.js:87:13)
9 verbose stack     at EventEmitter.emit (events.js:172:7)
9 verbose stack     at ChildProcess.<anonymous> (/Users/horigodai/.anyenv/envs/ndenv/versions/v4.6.0/lib/node_modules/npm/lib/utils/spawn.js:24:14)
9 verbose stack     at emitTwo (events.js:87:13)
9 verbose stack     at ChildProcess.emit (events.js:172:7)
9 verbose stack     at maybeClose (internal/child_process.js:829:16)
9 verbose stack     at Process.ChildProcess._handle.onexit (internal/child_process.js:211:5)
10 verbose pkgid Spread@0.0.1
11 verbose cwd /Users/horigodai/Develop/Projects/spreadjs
12 error Darwin 15.3.0
13 error argv "/Users/horigodai/.anyenv/envs/ndenv/versions/v4.6.0/bin/node" "/Users/horigodai/.anyenv/envs/ndenv/versions/v4.6.0/bin/npm" "run" "build"
14 error node v4.6.0
15 error npm  v2.15.9
16 error code ELIFECYCLE
17 error Spread@0.0.1 build: `browserify ./src/index.js -t [ babelify --presets [ es2015 ] ] -t [ stringify --extensions [.html .css] ] --standalone Spread -o ./build/spread.js`
17 error Exit status 1
18 error Failed at the Spread@0.0.1 build script 'browserify ./src/index.js -t [ babelify --presets [ es2015 ] ] -t [ stringify --extensions [.html .css] ] --standalone Spread -o ./build/spread.js'.
18 error This is most likely a problem with the Spread package,
18 error not with npm itself.
18 error Tell the author that this fails on your system:
18 error     browserify ./src/index.js -t [ babelify --presets [ es2015 ] ] -t [ stringify --extensions [.html .css] ] --standalone Spread -o ./build/spread.js
18 error You can get information on how to open an issue for this project with:
18 error     npm bugs Spread
18 error Or if that isn't available, you can get their info via:
18 error
18 error     npm owner ls Spread
18 error There is likely additional logging output above.
19 verbose exit [ 1, true ]
